2026-01-08 02:31:28,046 - instagram_downloader - WARNING - [33mNo cookies.txt found. Profile download might fail.[0m
2026-01-08 02:31:42,306 - instagram_downloader - INFO - Scanning profile shotnime...
2026-01-08 02:31:42,307 - instagram_downloader - INFO - Limit set to 4 posts.
2026-01-08 02:31:43,232 - instagram_downloader - ERROR - Some downloads failed.
2026-01-08 02:38:39,915 - instagram_downloader - INFO - Logging in as npemburuu...
2026-01-08 02:39:38,939 - instagram_downloader - ERROR - Login failed: 'config'
2026-01-08 02:39:50,723 - instagram_downloader - INFO - Logging in as npemburuu...
2026-01-08 02:40:12,953 - instagram_downloader - ERROR - Login failed: 'config'
2026-01-08 02:41:25,356 - instagram_downloader - INFO - Logging in as npemburuu...
2026-01-08 02:41:34,897 - instagram_downloader - ERROR - Login failed: 'config'
2026-01-08 02:43:17,829 - instagram_downloader - INFO - Logging in with hardcoded account: npemburuu...
2026-01-08 02:43:23,666 - instagram_downloader - INFO - [32mLogin successful! Session saved.[0m
2026-01-08 02:44:57,307 - instagram_downloader - INFO - [32mLoaded session from AppData: npemburuu[0m
2026-01-08 02:45:07,046 - instagram_downloader - INFO - Logging in with hardcoded account: npemburuu...
2026-01-08 02:45:12,415 - instagram_downloader - INFO - [32mLogin successful! Session saved.[0m
2026-01-08 02:46:59,863 - instagram_downloader - INFO - [32mLoaded session from AppData: npemburuu[0m
2026-01-08 02:47:18,034 - instagram_downloader - INFO - Scanning profile shotnime with Instaloader...
2026-01-08 02:47:22,399 - instagram_downloader - ERROR - Instaloader Connection Error: JSON Query to graphql/query: 401 Unauthorized - "fail" status, message "Please wait a few minutes before you try again." when accessing https://www.instagram.com/graphql/query?variables=%7B%22data%22%3A%7B%22count%22%3A12%2C%22include_relationship_info%22%3Atrue%2C%22latest_besties_reel_media%22%3Atrue%2C%22latest_reel_media%22%3Atrue%7D%2C%22username%22%3A%22shotnime%22%2C%22__relay_internal__pv__PolarisFeedShareMenurelayprovider%22%3Afalse%7D&doc_id=7898261790222653&server_timestamps=true
2026-01-08 02:48:33,144 - instagram_downloader - INFO - [32mLoaded session from AppData: npemburuu[0m
2026-01-08 02:48:38,832 - instagram_downloader - INFO - Scanning profile shotnime...
2026-01-08 02:48:48,482 - instagram_downloader - WARNING - Authenticated scan failed: JSON Query to graphql/query: 401 Unauthorized - "fail" status, message "Please wait a few minutes before you try again." when accessing https://www.instagram.com/graphql/query?variables=%7B%22data%22%3A%7B%22count%22%3A12%2C%22include_relationship_info%22%3Atrue%2C%22latest_besties_reel_media%22%3Atrue%2C%22latest_reel_media%22%3Atrue%7D%2C%22username%22%3A%22shotnime%22%2C%22__relay_internal__pv__PolarisFeedShareMenurelayprovider%22%3Afalse%7D&doc_id=7898261790222653&server_timestamps=true
2026-01-08 02:48:48,484 - instagram_downloader - INFO - [33mSwitching to GUEST MODE (No Login) to bypass rate limit...[0m
2026-01-08 02:48:49,387 - instagram_downloader - INFO - Skipping DTNyl4NiS8_ (In DB)
2026-01-08 02:48:49,388 - instagram_downloader - INFO - [Guest] [1] Found DTMgETBlUou...
2026-01-08 02:48:53,974 - instagram_downloader - INFO - [32mSaved caption to: 20260107_DTMgETBlUou.txt[0m
2026-01-08 02:48:54,334 - instagram_downloader - INFO - [32mSaved caption to: 20260107_DTMgETBlUou.txt[0m
2026-01-08 02:49:05,957 - instagram_downloader - INFO - [Guest] [2] Found DTMLNowgUZd...
2026-01-08 02:49:08,246 - instagram_downloader - INFO - [32mSaved caption to: 20260107_DTMLNowgUZd.txt[0m
2026-01-08 02:49:08,758 - instagram_downloader - INFO - [32mSaved caption to: 20260107_DTMLNowgUZd.txt[0m
2026-01-08 02:49:17,669 - instagram_downloader - INFO - [Guest] [3] Found DTL2oU1jy4k...
2026-01-08 02:49:22,382 - instagram_downloader - INFO - [32mSaved caption to: 20260106_DTL2oU1jy4k.txt[0m
2026-01-08 02:49:22,503 - instagram_downloader - INFO - [32mSaved caption to: 20260106_DTL2oU1jy4k.txt[0m
2026-01-08 02:49:35,389 - instagram_downloader - INFO - [Guest] [4] Found DTLNrTAAonW...
2026-01-08 02:49:37,503 - instagram_downloader - INFO - [32mSaved caption to: 20260106_DTLNrTAAonW.txt[0m
2026-01-08 02:49:37,627 - instagram_downloader - INFO - [32mSaved caption to: 20260106_DTLNrTAAonW.txt[0m
2026-01-08 02:49:45,959 - instagram_downloader - INFO - Limit of 4 reach.
2026-01-08 02:49:45,959 - instagram_downloader - INFO - [32mGuest Batch processing complete. Downloaded 4 new items.[0m
2026-01-08 02:50:44,711 - instagram_downloader - INFO - [32mLoaded session from AppData: npemburuu[0m
2026-01-08 02:51:00,440 - instagram_downloader - INFO - Scanning profile shotnime...
2026-01-08 02:51:08,253 - instagram_downloader - WARNING - Authenticated scan failed: JSON Query to graphql/query: 401 Unauthorized - "fail" status, message "Please wait a few minutes before you try again." when accessing https://www.instagram.com/graphql/query?variables=%7B%22data%22%3A%7B%22count%22%3A12%2C%22include_relationship_info%22%3Atrue%2C%22latest_besties_reel_media%22%3Atrue%2C%22latest_reel_media%22%3Atrue%7D%2C%22username%22%3A%22shotnime%22%2C%22__relay_internal__pv__PolarisFeedShareMenurelayprovider%22%3Afalse%7D&doc_id=7898261790222653&server_timestamps=true
2026-01-08 02:51:08,253 - instagram_downloader - INFO - [33mSwitching to GUEST MODE (No Login) to bypass rate limit...[0m
2026-01-08 02:51:09,801 - instagram_downloader - INFO - Skipping DTNyl4NiS8_ (In DB)
2026-01-08 02:51:09,802 - instagram_downloader - INFO - [Guest] [1] Found DTMgETBlUou...
2026-01-08 02:51:18,958 - instagram_downloader - INFO - [Guest] [2] Found DTMLNowgUZd...
2026-01-08 02:51:34,301 - instagram_downloader - INFO - [Guest] [3] Found DTL2oU1jy4k...
2026-01-08 02:51:45,440 - instagram_downloader - INFO - [Guest] [4] Found DTLNrTAAonW...
2026-01-08 02:52:01,172 - instagram_downloader - INFO - [Guest] [5] Found DTJ7XEljUTx...
2026-01-08 02:52:12,139 - instagram_downloader - INFO - [32mSaved caption to: 20260106_DTJ7XEljUTx.txt[0m
2026-01-08 02:52:12,516 - instagram_downloader - INFO - [32mSaved caption to: 20260106_DTJ7XEljUTx.txt[0m
2026-01-08 02:52:22,067 - instagram_downloader - INFO - Limit of 5 reach.
2026-01-08 02:52:22,067 - instagram_downloader - INFO - [32mGuest Batch processing complete. Downloaded 5 new items.[0m
2026-01-09 11:55:34,672 - instagram_downloader - INFO - [32mLoaded session from AppData: npemburuu[0m
2026-01-09 12:03:05,474 - instagram_downloader - INFO - [32mLoaded session from AppData: npemburuu[0m
2026-01-09 12:03:27,870 - instagram_downloader - INFO - Scanning profile giu_movies768...
2026-01-09 12:03:36,136 - instagram_downloader - WARNING - Authenticated scan failed: JSON Query to graphql/query: 401 Unauthorized - "fail" status, message "Please wait a few minutes before you try again." when accessing https://www.instagram.com/graphql/query?variables=%7B%22data%22%3A%7B%22count%22%3A12%2C%22include_relationship_info%22%3Atrue%2C%22latest_besties_reel_media%22%3Atrue%2C%22latest_reel_media%22%3Atrue%7D%2C%22username%22%3A%22giu_movies768%22%2C%22__relay_internal__pv__PolarisFeedShareMenurelayprovider%22%3Afalse%7D&doc_id=7898261790222653&server_timestamps=true
2026-01-09 12:03:36,138 - instagram_downloader - INFO - [33mSwitching to GUEST MODE (No Login) to bypass rate limit...[0m
2026-01-09 12:03:37,828 - instagram_downloader - INFO - [Guest] [1] Queuing DTQQLDOj-lX...
2026-01-09 12:03:45,104 - instagram_downloader - INFO - [32mSaved caption to: 20260108_DTQQLDOj-lX.txt[0m
2026-01-09 12:03:45,253 - instagram_downloader - INFO - [32mSaved caption to: 20260108_DTQQLDOj-lX.txt[0m
2026-01-09 12:03:50,652 - instagram_downloader - INFO - [Guest] [2] Queuing DTNrZ0SD0a9...
2026-01-09 12:03:52,701 - instagram_downloader - INFO - [32mSaved caption to: 20260107_DTNrZ0SD0a9.txt[0m
2026-01-09 12:03:53,862 - instagram_downloader - INFO - [32mSaved caption to: 20260107_DTNrZ0SD0a9.txt[0m
2026-01-09 12:04:02,587 - instagram_downloader - INFO - [Guest] [3] Queuing DTK_x5oD4Ra...
2026-01-09 12:04:15,637 - instagram_downloader - INFO - Limit of 3 reached.
2026-01-09 12:04:16,959 - instagram_downloader - INFO - [32mSaved caption to: 20260106_DTK_x5oD4Ra.txt[0m
2026-01-09 12:04:17,993 - instagram_downloader - INFO - [32mSaved caption to: 20260106_DTK_x5oD4Ra.txt[0m
2026-01-09 12:04:18,232 - instagram_downloader - INFO - Waiting for all background downloads to finish...
2026-01-09 12:04:18,233 - instagram_downloader - INFO - [32mGuest Batch processing complete. Downloaded 3 new items.[0m
2026-01-09 12:29:25,606 - instagram_downloader - INFO - [32mLoaded session from AppData: npemburuu[0m
2026-01-09 12:29:29,433 - instagram_downloader - INFO - Sequential Numbering: Starting at billysteckfers_1
2026-01-09 12:29:29,433 - instagram_downloader - INFO - Scanning profile billysteckfers...
2026-01-09 12:29:39,596 - instagram_downloader - WARNING - Authenticated scan failed: JSON Query to graphql/query: 401 Unauthorized - "fail" status, message "Please wait a few minutes before you try again." when accessing https://www.instagram.com/graphql/query?variables=%7B%22data%22%3A%7B%22count%22%3A12%2C%22include_relationship_info%22%3Atrue%2C%22latest_besties_reel_media%22%3Atrue%2C%22latest_reel_media%22%3Atrue%7D%2C%22username%22%3A%22billysteckfers%22%2C%22__relay_internal__pv__PolarisFeedShareMenurelayprovider%22%3Afalse%7D&doc_id=7898261790222653&server_timestamps=true
2026-01-09 12:29:39,596 - instagram_downloader - INFO - [33mSwitching to GUEST MODE (No Login) to bypass rate limit...[0m
2026-01-09 12:29:42,629 - instagram_downloader - INFO - [Guest] [1] Queuing DRXGkJmkv0N -> billysteckfers_1...
2026-01-09 12:29:47,620 - instagram_downloader - INFO - [32mSaved caption to: billysteckfers_1.fdash-728339693635538v.txt[0m
2026-01-09 12:29:47,717 - instagram_downloader - INFO - [32mSaved caption to: billysteckfers_1.fdash-2401911990281828a.txt[0m
2026-01-09 12:29:55,282 - instagram_downloader - INFO - [Guest] [2] Queuing DPnrxWNkqpP -> billysteckfers_2...
2026-01-09 12:29:57,444 - instagram_downloader - INFO - [32mSaved caption to: billysteckfers_2.fdash-819814427166832v.txt[0m
2026-01-09 12:29:57,814 - instagram_downloader - INFO - [32mSaved caption to: billysteckfers_2.fdash-814761088176736a.txt[0m
2026-01-09 12:30:06,850 - instagram_downloader - INFO - [Guest] [3] Queuing DPTz-9QitKp -> billysteckfers_3...
2026-01-09 12:30:15,414 - instagram_downloader - INFO - [32mSaved caption to: billysteckfers_3.fdash-1005599325024970v.txt[0m
2026-01-09 12:30:16,105 - instagram_downloader - INFO - [32mSaved caption to: billysteckfers_3.fdash-1185256156748762a.txt[0m
2026-01-09 12:30:19,243 - instagram_downloader - INFO - [Guest] [4] Queuing DTNiEhyEpYH -> billysteckfers_4...
2026-01-09 12:30:21,315 - instagram_downloader - INFO - [32mSaved caption to: billysteckfers_4.fdash-2157616524772840v.txt[0m
2026-01-09 12:30:21,371 - instagram_downloader - INFO - [32mSaved caption to: billysteckfers_4.fdash-2690328421326541a.txt[0m
2026-01-09 12:30:28,869 - instagram_downloader - INFO - [Guest] [5] Queuing DTFLtwpEqvi -> billysteckfers_5...
2026-01-09 12:30:37,635 - instagram_downloader - INFO - Limit of 5 reached.
2026-01-09 12:30:37,636 - instagram_downloader - INFO - Waiting for all background downloads to finish...
2026-01-09 12:30:37,637 - instagram_downloader - INFO - [32mGuest Batch processing complete. Downloaded 5 new items.[0m
2026-01-09 12:30:38,711 - instagram_downloader - INFO - Downloading DSgmkv0kn9R from Billy Steckfers...
2026-01-09 12:30:55,390 - instagram_downloader - INFO - [32mSaved caption to: 20251221_Billy Steckfers_DSgmkv0kn9R.fdash-892900299828837v.txt[0m
2026-01-09 12:30:55,486 - instagram_downloader - INFO - [32mSaved caption to: 20251221_Billy Steckfers_DSgmkv0kn9R.fdash-4290481394565807a.txt[0m
2026-01-09 12:30:55,677 - instagram_downloader - INFO - [32mBatch file processing complete![0m
2026-01-09 12:45:41,597 - instagram_downloader - INFO - Sequential Numbering: Starting at billysteckfers_1
2026-01-09 12:45:41,599 - instagram_downloader - INFO - Scanning profile billysteckfers...
2026-01-09 12:45:42,920 - instagram_downloader - INFO - [Auth] [1] Queuing DRXGkJmkv0N -> billysteckfers_1...
2026-01-09 12:45:53,091 - instagram_downloader - INFO - [Auth] [2] Queuing DPnrxWNkqpP -> billysteckfers_2...
2026-01-09 12:46:02,803 - instagram_downloader - INFO - [Auth] [3] Queuing DPTz-9QitKp -> billysteckfers_3...
2026-01-09 12:46:12,176 - instagram_downloader - INFO - [Auth] [4] Queuing DTNiEhyEpYH -> billysteckfers_4...
2026-01-09 12:46:22,814 - instagram_downloader - INFO - [Auth] [5] Queuing DTFLtwpEqvi -> billysteckfers_5...
2026-01-09 12:46:23,772 - instagram_downloader - ERROR - Execution error: 'NoneType' object has no attribute 'setdefault'
2026-01-09 12:46:36,017 - instagram_downloader - INFO - Limit of 5 reached.
2026-01-09 12:46:36,018 - instagram_downloader - INFO - Waiting for all background downloads to finish...
2026-01-09 12:46:36,018 - instagram_downloader - INFO - [32mBatch processing complete. Downloaded 4 new items.[0m
2026-01-09 12:46:37,207 - instagram_downloader - INFO - Downloading DSgmkv0kn9R from Billy Steckfers...
2026-01-09 12:46:38,318 - instagram_downloader - INFO - [32mBatch file processing complete![0m
2026-01-09 12:50:39,179 - instagram_downloader - INFO - Sequential Numbering: Starting at billysteckfers_1
2026-01-09 12:50:39,179 - instagram_downloader - INFO - Scanning profile billysteckfers...
2026-01-09 12:50:43,849 - instagram_downloader - INFO - [Auth] [1] Queuing DRXGkJmkv0N -> billysteckfers_1...
2026-01-09 12:50:47,951 - instagram_downloader - INFO - [32mSaved caption to: billysteckfers_1.txt[0m
2026-01-09 12:50:52,653 - instagram_downloader - INFO - [Auth] [2] Queuing DPnrxWNkqpP -> billysteckfers_2...
2026-01-09 12:50:54,364 - instagram_downloader - INFO - [32mSaved caption to: billysteckfers_2.txt[0m
2026-01-09 12:51:06,794 - instagram_downloader - INFO - [Auth] [3] Queuing DPTz-9QitKp -> billysteckfers_3...
2026-01-09 12:51:18,012 - instagram_downloader - INFO - [Auth] [4] Queuing DTNiEhyEpYH -> billysteckfers_4...
2026-01-09 12:51:20,241 - instagram_downloader - INFO - [32mSaved caption to: billysteckfers_3.txt[0m
2026-01-09 12:51:21,268 - instagram_downloader - INFO - [32mSaved caption to: billysteckfers_4.txt[0m
2026-01-09 12:51:28,319 - instagram_downloader - INFO - [Auth] [5] Queuing DTFLtwpEqvi -> billysteckfers_5...
2026-01-09 12:51:29,271 - instagram_downloader - ERROR - Execution error: 'NoneType' object has no attribute 'setdefault'
2026-01-09 12:51:37,206 - instagram_downloader - INFO - Limit of 5 reached.
2026-01-09 12:51:37,206 - instagram_downloader - INFO - Waiting for all background downloads to finish...
2026-01-09 12:51:37,206 - instagram_downloader - INFO - [32mBatch processing complete. Downloaded 4 new items.[0m
2026-01-09 12:51:38,318 - instagram_downloader - INFO - Downloading DSgmkv0kn9R from Billy Steckfers...
2026-01-09 12:51:41,602 - instagram_downloader - INFO - [32mSaved caption to: 20251221_Billy Steckfers_DSgmkv0kn9R.txt[0m
2026-01-09 12:51:41,603 - instagram_downloader - INFO - [32mBatch file processing complete![0m
2026-01-09 13:32:52,202 - instagram_downloader - INFO - Sequential Numbering: Starting at billysteckfers_1
2026-01-09 13:32:52,202 - instagram_downloader - INFO - Scanning profile billysteckfers...
2026-01-09 13:32:54,515 - instagram_downloader - INFO - [Auth] [1] Queuing DRXGkJmkv0N -> billysteckfers_1...
2026-01-09 13:32:59,431 - instagram_downloader - INFO - [32mSaved caption to: billysteckfers_1.txt[0m
2026-01-09 13:33:06,572 - instagram_downloader - INFO - [Auth] [2] Queuing DPnrxWNkqpP -> billysteckfers_2...
2026-01-09 13:33:08,175 - instagram_downloader - INFO - [32mSaved caption to: billysteckfers_2.txt[0m
2026-01-09 13:33:19,317 - instagram_downloader - INFO - [Auth] [3] Queuing DPTz-9QitKp -> billysteckfers_3...
2026-01-09 13:33:28,081 - instagram_downloader - INFO - [32mSaved caption to: billysteckfers_3.txt[0m
2026-01-09 13:33:29,649 - instagram_downloader - INFO - [Auth] [4] Queuing DTNiEhyEpYH -> billysteckfers_4...
2026-01-09 13:33:32,054 - instagram_downloader - INFO - [32mSaved caption to: billysteckfers_4.txt[0m
2026-01-09 13:33:44,108 - instagram_downloader - INFO - [Auth] [5] Queuing DTFLtwpEqvi -> billysteckfers_5...
2026-01-09 13:33:45,081 - instagram_downloader - ERROR - Execution error: 'NoneType' object has no attribute 'setdefault'
2026-01-09 13:33:58,312 - instagram_downloader - INFO - Limit of 5 reached.
2026-01-09 13:33:58,313 - instagram_downloader - INFO - Waiting for all background downloads to finish...
2026-01-09 13:33:58,314 - instagram_downloader - INFO - [32mBatch processing complete. Downloaded 4 new items.[0m
2026-01-09 13:33:59,522 - instagram_downloader - INFO - Downloading DSgmkv0kn9R from DSgmkv0kn9R...
2026-01-09 13:34:02,795 - instagram_downloader - INFO - [32mSaved caption to: 20251221_DSgmkv0kn9R_DSgmkv0kn9R.txt[0m
2026-01-09 13:34:02,809 - instagram_downloader - INFO - [32mBatch file processing complete![0m
2026-01-10 00:17:44,154 - instagram_downloader - INFO - Sequential Numbering: Starting at x_anime90_1
2026-01-10 00:17:44,156 - instagram_downloader - INFO - Scanning profile x_anime90...
2026-01-10 00:17:46,456 - instagram_downloader - INFO - [Auth] [1] Queuing DTS5mXvEimX -> x_anime90_1...
2026-01-10 00:17:49,666 - instagram_downloader - INFO - [32mSaved caption to: x_anime90_1.txt[0m
2026-01-10 00:17:57,581 - instagram_downloader - INFO - [Auth] [2] Queuing DTSdt2kEsSH -> x_anime90_2...
2026-01-10 00:17:59,373 - instagram_downloader - INFO - [32mSaved caption to: x_anime90_2.txt[0m
2026-01-10 00:18:07,304 - instagram_downloader - INFO - [Auth] [3] Queuing DTRhC2Fkh03 -> x_anime90_3...
2026-01-10 00:18:11,276 - instagram_downloader - INFO - [32mSaved caption to: x_anime90_3.txt[0m
2026-01-10 00:18:20,318 - instagram_downloader - INFO - [Auth] [4] Queuing DTRNpBuEikg -> x_anime90_4...
2026-01-10 00:18:22,622 - instagram_downloader - INFO - [32mSaved caption to: x_anime90_4.txt[0m
2026-01-10 00:18:29,109 - instagram_downloader - INFO - [Auth] [5] Queuing DTQz_URk_Xl -> x_anime90_5...
2026-01-10 00:18:30,641 - instagram_downloader - INFO - [32mSaved caption to: x_anime90_5.txt[0m
2026-01-10 00:18:42,618 - instagram_downloader - INFO - Limit of 5 reached.
2026-01-10 00:18:42,618 - instagram_downloader - INFO - Waiting for all background downloads to finish...
2026-01-10 00:18:42,618 - instagram_downloader - INFO - [32mBatch processing complete. Downloaded 5 new items.[0m
2026-01-10 01:07:27,635 - instagram_downloader - INFO - Sequential Numbering: Starting at darkcuts.7_1
2026-01-10 01:07:27,636 - instagram_downloader - INFO - Scanning profile darkcuts.7...
2026-01-10 01:07:29,708 - instagram_downloader - INFO - [Auth] [1] Queuing DM3LN8Ey7Hc -> darkcuts.7_1...
2026-01-10 01:07:37,813 - instagram_downloader - INFO - [Auth] [2] Queuing DTLiHFokpMf -> darkcuts.7_2...
2026-01-10 01:07:40,743 - instagram_downloader - INFO - [32mSaved caption to: darkcuts.7_2.txt[0m
2026-01-10 01:07:47,793 - instagram_downloader - INFO - [Auth] [3] Queuing DTLbPrPEpax -> darkcuts.7_3...
2026-01-10 01:07:53,541 - instagram_downloader - INFO - [32mSaved caption to: darkcuts.7_3.txt[0m
2026-01-10 01:07:56,151 - instagram_downloader - INFO - [32mSaved caption to: darkcuts.7_1.txt[0m
2026-01-10 01:07:59,752 - instagram_downloader - INFO - [Auth] [4] Queuing DTI9OnpEtbJ -> darkcuts.7_4...
2026-01-10 01:08:04,407 - instagram_downloader - INFO - [32mSaved caption to: darkcuts.7_4.txt[0m
2026-01-10 01:08:13,828 - instagram_downloader - INFO - [Auth] [5] Queuing DTI2bTikkCm -> darkcuts.7_5...
2026-01-10 01:08:17,851 - instagram_downloader - INFO - [32mSaved caption to: darkcuts.7_5.txt[0m
2026-01-10 01:08:27,461 - instagram_downloader - INFO - Limit of 5 reached.
2026-01-10 01:08:27,461 - instagram_downloader - INFO - Waiting for all background downloads to finish...
2026-01-10 01:08:27,461 - instagram_downloader - INFO - [32mBatch processing complete. Downloaded 5 new items.[0m
